#
# There is insufficient memory for the Java Runtime Environment to continue.
# Native memory allocation (malloc) failed to allocate 1048576 bytes for AllocateHeap
# Possible reasons:
#   The system is out of physical RAM or swap space
#   The process is running with CompressedOops enabled, and the Java Heap may be blocking the growth of the native heap
# Possible solutions:
#   Reduce memory load on the system
#   Increase physical memory or swap space
#   Check if swap backing store is full
#   Decrease Java heap size (-Xmx/-Xms)
#   Decrease number of Java threads
#   Decrease Java thread stack sizes (-Xss)
#   Set larger code cache with -XX:ReservedCodeCacheSize=
#   JVM is running with Unscaled Compressed Oops mode in which the Java heap is
#     placed in the first 4GB address space. The Java Heap base address is the
#     maximum limit for the native heap growth. Please use -XX:HeapBaseMinAddress
#     to set the Java Heap base and to place the Java Heap above 4GB virtual address.
# This output file may be truncated or incomplete.
#
#  Out of Memory Error (./src/hotspot/share/memory/allocation.cpp:46), pid=10808, tid=16388
#
# JRE version:  (11.0.10+9) (build )
# Java VM: Dynamic Code Evolution 64-Bit Server VM (11.0.10+9-b1341.41, mixed mode, sharing, tiered, compressed oops, g1 gc, windows-amd64)
# No core dump will be written. Minidumps are not enabled by default on client versions of Windows
#

---------------  S U M M A R Y ------------

Command Line: org.jetbrains.git4idea.http.GitAskPassApp Username for 'https://github.com': 

Host: Intel(R) Core(TM) i7-4790K CPU @ 4.00GHz, 8 cores, 15G,  Windows 10 , 64 bit Build 18362 (10.0.18362.1500)
Time: Sun Jun 13 06:35:39 2021 Romance Standard Time elapsed time: 0.011453 seconds (0d 0h 0m 0s)

---------------  T H R E A D  ---------------

Current thread (0x0000021790f8b800):  JavaThread "Unknown thread" [_thread_in_vm, id=16388, stack(0x00000094cb900000,0x00000094cba00000)]

Stack: [0x00000094cb900000,0x00000094cba00000]
Native frames: (J=compiled Java code, j=interpreted, Vv=VM code, C=native code)
V  [jvm.dll+0x5f84fa]
V  [jvm.dll+0x77e085]
V  [jvm.dll+0x77f5dd]
V  [jvm.dll+0x77fc93]
V  [jvm.dll+0x2457e8]
V  [jvm.dll+0xb4b54]
V  [jvm.dll+0x2d7e48]
V  [jvm.dll+0x75c4c7]
V  [jvm.dll+0x75dd6c]
V  [jvm.dll+0x35cdb9]
V  [jvm.dll+0x73fc9e]
V  [jvm.dll+0x3c5663]
V  [jvm.dll+0x3c7a21]
C  [jli.dll+0x5373]
C  [ucrtbase.dll+0x210b2]
C  [KERNEL32.DLL+0x17c24]
C  [ntdll.dll+0x6d721]


---------------  P R O C E S S  ---------------

Threads class SMR info:
_java_thread_list=0x000002178ee053b0, length=0, elements={
}

Java Threads: ( => current thread )

Other Threads:

=>0x0000021790f8b800 (exited) JavaThread "Unknown thread" [_thread_in_vm, id=16388, stack(0x00000094cb900000,0x00000094cba00000)]

Threads with active compile tasks:

VM state:not at safepoint (not fully initialized)

VM Mutex/Monitor currently owned by a thread: None


[error occurred during error reporting (printing compressed oops mode), id 0xc0000005, EXCEPTION_ACCESS_VIOLATION (0xc0000005) at pc=0x00007fff5b73d317]

GC Heap History (0 events):
No events

Deoptimization events (0 events):
No events

Classes redefined (0 events):
No events

Internal exceptions (0 events):
No events

Events (1 events):
Event: 0.007 Loaded shared library C:\Program Files\JetBrains\PhpStorm 2021.1.1\jbr\bin\zip.dll


Dynamic libraries:
0x00007ff7a0e90000 - 0x00007ff7a0e9a000 	C:\Program Files\JetBrains\PhpStorm 2021.1.1\jbr\bin\java.exe
0x00007fffb5500000 - 0x00007fffb56f0000 	C:\Windows\SYSTEM32\ntdll.dll
0x00007fffb38c0000 - 0x00007fffb3972000 	C:\Windows\System32\KERNEL32.DLL
0x00007fffb2f40000 - 0x00007fffb31e5000 	C:\Windows\System32\KERNELBASE.dll
0x00007fffb2470000 - 0x00007fffb256a000 	C:\Windows\System32\ucrtbase.dll
0x00007fff96f10000 - 0x00007fff96f29000 	C:\Program Files\JetBrains\PhpStorm 2021.1.1\jbr\bin\jli.dll
0x00007fff8fed0000 - 0x00007fff8fee7000 	C:\Program Files\JetBrains\PhpStorm 2021.1.1\jbr\bin\VCRUNTIME140.dll
0x00007fffb3e50000 - 0x00007fffb3fe4000 	C:\Windows\System32\USER32.dll
0x00007fffb33f0000 - 0x00007fffb3411000 	C:\Windows\System32\win32u.dll
0x00007fffb3980000 - 0x00007fffb39a6000 	C:\Windows\System32\GDI32.dll
0x00007fffb31f0000 - 0x00007fffb3388000 	C:\Windows\System32\gdi32full.dll
0x00007fffa0160000 - 0x00007fffa03e4000 	C:\Windows\WinSxS\amd64_microsoft.windows.common-controls_6595b64144ccf1df_6.0.18362.1621_none_9e7ba815e46075fc\COMCTL32.dll
0x00007fffb26d0000 - 0x00007fffb276e000 	C:\Windows\System32\msvcp_win.dll
0x00007fffb4260000 - 0x00007fffb42fe000 	C:\Windows\System32\msvcrt.dll
0x00007fffb4310000 - 0x00007fffb4646000 	C:\Windows\System32\combase.dll
0x00007fffb3660000 - 0x00007fffb377f000 	C:\Windows\System32\RPCRT4.dll
0x00007fffb34d0000 - 0x00007fffb3554000 	C:\Windows\System32\bcryptPrimitives.dll
0x00007fffb3e20000 - 0x00007fffb3e4e000 	C:\Windows\System32\IMM32.DLL
0x00007fff89be0000 - 0x00007fff89c7d000 	C:\Program Files\JetBrains\PhpStorm 2021.1.1\jbr\bin\msvcp140.dll
0x00007fff5afe0000 - 0x00007fff5bb2f000 	C:\Program Files\JetBrains\PhpStorm 2021.1.1\jbr\bin\server\jvm.dll
0x00007fffb39b0000 - 0x00007fffb3a53000 	C:\Windows\System32\ADVAPI32.dll
0x00007fffb35c0000 - 0x00007fffb3657000 	C:\Windows\System32\sechost.dll
0x00007fffb4300000 - 0x00007fffb4308000 	C:\Windows\System32\PSAPI.DLL
0x00007fffa36b0000 - 0x00007fffa36b9000 	C:\Windows\SYSTEM32\WSOCK32.dll
0x00007fffaeae0000 - 0x00007fffaeaea000 	C:\Windows\SYSTEM32\VERSION.dll
0x00007fffaec40000 - 0x00007fffaec64000 	C:\Windows\SYSTEM32\WINMM.dll
0x00007fffb3780000 - 0x00007fffb37ef000 	C:\Windows\System32\WS2_32.dll
0x00007fffaebf0000 - 0x00007fffaec1d000 	C:\Windows\SYSTEM32\winmmbase.dll
0x00007fffb3560000 - 0x00007fffb35aa000 	C:\Windows\System32\cfgmgr32.dll
0x00007fffb23c0000 - 0x00007fffb23d1000 	C:\Windows\System32\kernel.appcore.dll
0x00007fff5cd20000 - 0x00007fff5cd31000 	C:\Program Files\JetBrains\PhpStorm 2021.1.1\jbr\bin\verify.dll
0x00007fffad940000 - 0x00007fffadb34000 	C:\Windows\SYSTEM32\DBGHELP.DLL
0x00007fffaae80000 - 0x00007fffaaeaa000 	C:\Windows\SYSTEM32\dbgcore.DLL
0x00007fff5afb0000 - 0x00007fff5afd9000 	C:\Program Files\JetBrains\PhpStorm 2021.1.1\jbr\bin\java.dll
0x00007fff5cd10000 - 0x00007fff5cd1b000 	C:\Program Files\JetBrains\PhpStorm 2021.1.1\jbr\bin\jimage.dll
0x00007fff5af90000 - 0x00007fff5afa8000 	C:\Program Files\JetBrains\PhpStorm 2021.1.1\jbr\bin\zip.dll

dbghelp: loaded successfully - version: 4.0.5 - missing functions: none
symbol engine: initialized successfully - sym options: 0x614 - pdb path: .;C:\Program Files\JetBrains\PhpStorm 2021.1.1\jbr\bin;C:\Windows\SYSTEM32;C:\Windows\WinSxS\amd64_microsoft.windows.common-controls_6595b64144ccf1df_6.0.18362.1621_none_9e7ba815e46075fc;C:\Program Files\JetBrains\PhpStorm 2021.1.1\jbr\bin\server

VM Arguments:
java_command: org.jetbrains.git4idea.http.GitAskPassApp Username for 'https://github.com': 
java_class_path (initial): C:/Program Files/JetBrains/PhpStorm 2021.1.1/plugins/git4idea/lib/git4idea-rt.jar;C:/Program Files/JetBrains/PhpStorm 2021.1.1/lib/xmlrpc-2.0.1.jar;C:/Program Files/JetBrains/PhpStorm 2021.1.1/lib/commons-codec-1.15.jar
Launcher Type: SUN_STANDARD

[Global flags]
     intx CICompilerCount                          = 4                                         {product} {ergonomic}
     uint G1ConcRefinementThreads                  = 8                                         {product} {ergonomic}
   size_t G1HeapRegionSize                         = 1048576                                   {product} {ergonomic}
    uintx GCDrainStackTargetSize                   = 64                                        {product} {ergonomic}
   size_t InitialHeapSize                          = 268435456                                 {product} {ergonomic}
   size_t MaxHeapSize                              = 4282384384                                {product} {ergonomic}
   size_t MinHeapDeltaBytes                        = 1048576                                   {product} {ergonomic}
    uintx NonNMethodCodeHeapSize                   = 5836300                                {pd product} {ergonomic}
    uintx NonProfiledCodeHeapSize                  = 122910970                              {pd product} {ergonomic}
    uintx ProfiledCodeHeapSize                     = 122910970                              {pd product} {ergonomic}
    uintx ReservedCodeCacheSize                    = 251658240                              {pd product} {ergonomic}
     bool SegmentedCodeCache                       = true                                      {product} {ergonomic}
     bool UseCompressedClassPointers               = true                                 {lp64_product} {ergonomic}
     bool UseCompressedOops                        = true                                 {lp64_product} {ergonomic}
     bool UseG1GC                                  = true                                      {product} {ergonomic}
     bool UseLargePagesIndividualAllocation        = false                                  {pd product} {ergonomic}

Logging:
Log output configuration:
 #0: stdout all=warning uptime,level,tags
 #1: stderr all=off uptime,level,tags

Environment Variables:
PATH=C:/Program Files/Git/mingw64/libexec/git-core;C:/Program Files/Git/mingw64/libexec/git-core;C:\Program Files\Git\mingw64\bin;C:\Program Files\Git\usr\bin;C:\Users\Mohamed\bin;C:\Python39\Scripts\;C:\Python39\;C:\Program Files\Common Files\Oracle\Java\javapath;C:\Python38\Scripts\;C:\Python38\;C:\Windows\system32;C:\Windows;C:\Windows\System32\Wbem;C:\Windows\System32\WindowsPowerShell\v1.0\;C:\Windows\System32\OpenSSH\;E:\wamp\bin\php\php7.4.0;C:\ProgramData\ComposerSetup\bin;C:\Program Files\Mullvad VPN\resources;C:\Program Files (x86)\Calibre2\;C:\Program Files (x86)\Bitvise SSH Client;C:\ProgramData\chocolatey\bin;C:\Program Files\nodejs\;C:\Program Files\Git\cmd;C:\Users\Mohamed\AppData\Local\Microsoft\WindowsApps;C:\Users\Mohamed\AppData\Roaming\Composer\vendor\bin;C:\Users\Mohamed\AppData\Local\GitHubDesktop\bin;C:\sdk\flutter\bin;C:\Users\Mohamed\AppData\Roaming\npm
USERNAME=Mohamed
DISPLAY=:0.0
LC_ALL=en_US.UTF-8
OS=Windows_NT
PROCESSOR_IDENTIFIER=Intel64 Family 6 Model 60 Stepping 3, GenuineIntel



---------------  S Y S T E M  ---------------

OS: Windows 10 , 64 bit Build 18362 (10.0.18362.1500)
OS uptime: 1 days 5:30 hours

CPU:total 8 (initial active 8) (4 cores per cpu, 2 threads per core) family 6 model 60 stepping 3 microcode 0x28, cmov, cx8, fxsr, mmx, sse, sse2, sse3, ssse3, sse4.1, sse4.2, popcnt, avx, avx2, aes, clmul, erms, lzcnt, ht, tsc, tscinvbit, bmi1, bmi2, fma

Memory: 4k page, system-wide physical 16335M (1099M free)
TotalPageFile size 46064M (AvailPageFile size 4M)
current process WorkingSet (physical memory assigned to process): 9M, peak: 9M
current process commit charge ("private bytes"): 11M, peak: 12M

vm_info: Dynamic Code Evolution 64-Bit Server VM (11.0.10+9-b1341.41) for windows-amd64 JRE (11.0.10+9-b1341.41), built on Apr 17 2021 07:18:15 by "" with MS VC++ 14.0 (VS2015)

END.
